<?xml version="1.0" encoding="UTF-8"?>
<!-- Generated by org.testng.reporters.JUnitReportReporter -->
<testsuite hostname="MacBook-Pro-dnair.local" name="com.masteringselenium.BasicTestWD" tests="5" failures="0" timestamp="21 Mar 2016 00:30:47 GMT" time="16.191" errors="0">
  <testcase name="googleMilkExample" time="1.230" classname="com.masteringselenium.BasicTestWD"/>
  <testcase name="googleSachineExample" time="1.317" classname="com.masteringselenium.BasicTestWD"/>
  <testcase name="googleCheeseExample" time="4.560" classname="com.masteringselenium.BasicTestWD"/>
  <testcase name="googleDohniExample" time="4.531" classname="com.masteringselenium.BasicTestWD"/>
  <testcase name="googleGangulyExample" time="4.553" classname="com.masteringselenium.BasicTestWD"/>
</testsuite> <!-- com.masteringselenium.BasicTestWD -->
