<?xml version="1.0" encoding="UTF-8"?>
<!-- Generated by org.testng.reporters.JUnitReportReporter -->
<testsuite hostname="us-wash-fgcv7j1.morningstar.com" name="com.masteringselenium.BasicTestWD" tests="1" failures="0" timestamp="29 Mar 2016 20:05:51 GMT" time="3.966" errors="0">
  <testcase name="googleCheeseExample" time="3.966" classname="com.masteringselenium.BasicTestWD"/>
</testsuite> <!-- com.masteringselenium.BasicTestWD -->
