<?xml version="1.0" encoding="UTF-8"?>
<!-- Generated by org.testng.reporters.JUnitReportReporter -->
<testsuite hostname="MacBook-Pro-dnair.local" name="com.masteringselenium.BasicTestWD" tests="5" failures="0" timestamp="22 Mar 2016 03:23:29 GMT" time="16.512" errors="0">
  <testcase name="googleMilkExample" time="1.520" classname="com.masteringselenium.BasicTestWD"/>
  <testcase name="googleDohniExample" time="3.643" classname="com.masteringselenium.BasicTestWD"/>
  <testcase name="googleGangulyExample" time="4.550" classname="com.masteringselenium.BasicTestWD"/>
  <testcase name="googleCheeseExample" time="4.767" classname="com.masteringselenium.BasicTestWD"/>
  <testcase name="googleSachineExample" time="2.032" classname="com.masteringselenium.BasicTestWD"/>
</testsuite> <!-- com.masteringselenium.BasicTestWD -->
