<?xml version="1.0" encoding="UTF-8"?>
<!-- Generated by org.testng.reporters.JUnitReportReporter -->
<testsuite hostname="MacBook-Pro-dnair.local" name="com.masteringselenium.BasicTestWD" tests="5" failures="0" timestamp="25 Mar 2016 20:50:27 GMT" time="25.437" errors="0">
  <testcase name="googleSachineExample" time="1.877" classname="com.masteringselenium.BasicTestWD"/>
  <testcase name="googleCheeseExample" time="6.016" classname="com.masteringselenium.BasicTestWD"/>
  <testcase name="googleDohniExample" time="7.450" classname="com.masteringselenium.BasicTestWD"/>
  <testcase name="googleMilkExample" time="1.827" classname="com.masteringselenium.BasicTestWD"/>
  <testcase name="googleGangulyExample" time="8.267" classname="com.masteringselenium.BasicTestWD"/>
</testsuite> <!-- com.masteringselenium.BasicTestWD -->
