<?xml version="1.0" encoding="UTF-8"?>
<!-- Generated by org.testng.reporters.JUnitReportReporter -->
<testsuite hostname="MacBook-Pro-dnair.local" name="com.masteringselenium.BasicTestWD" tests="5" failures="0" timestamp="22 Mar 2016 04:06:08 GMT" time="22.241" errors="0">
  <testcase name="googleDohniExample" time="7.855" classname="com.masteringselenium.BasicTestWD"/>
  <testcase name="googleMilkExample" time="1.662" classname="com.masteringselenium.BasicTestWD"/>
  <testcase name="googleGangulyExample" time="4.862" classname="com.masteringselenium.BasicTestWD"/>
  <testcase name="googleCheeseExample" time="6.050" classname="com.masteringselenium.BasicTestWD"/>
  <testcase name="googleSachineExample" time="1.812" classname="com.masteringselenium.BasicTestWD"/>
</testsuite> <!-- com.masteringselenium.BasicTestWD -->
