<?xml version="1.0" encoding="UTF-8"?>
<!-- Generated by org.testng.reporters.JUnitReportReporter -->
<testsuite hostname="MacBook-Pro-dnair.local" name="com.masteringselenium.BasicTest" tests="2" failures="0" timestamp="4 Mar 2016 04:12:59 GMT" time="16.169" errors="0">
  <testcase name="googleCheeseExample" time="8.481" classname="com.masteringselenium.BasicTest"/>
  <testcase name="googleMilkExample" time="7.688" classname="com.masteringselenium.BasicTest"/>
</testsuite> <!-- com.masteringselenium.BasicTest -->
